<?xml version="1.0" encoding="UTF-8"?>
<testng-results ignored="0" total="1" passed="1" failed="0" skipped="0">
  <reporter-output>
  </reporter-output>
  <suite started-at="2022-07-26T23:26:54 IST" name="CrossBrowserSuite" finished-at="2022-07-26T23:27:07 IST" duration-ms="12524">
    <groups>
    </groups>
    <test started-at="2022-07-26T23:26:54 IST" name="Test01" finished-at="2022-07-26T23:27:07 IST" duration-ms="12524">
      <class name="com.utility.test2">
        <test-method signature="test01()[pri:0, instance:com.utility.test2@49d904ec]" started-at="2022-07-26T23:26:54 IST" name="test01" finished-at="2022-07-26T23:27:07 IST" duration-ms="12458" status="PASS">
          <reporter-output>
          </reporter-output>
        </test-method> <!-- test01 -->
      </class> <!-- com.utility.test2 -->
    </test> <!-- Test01 -->
  </suite> <!-- CrossBrowserSuite -->
</testng-results>
